[2026-02-02 03:31:18] Backup restored - /once/red/be.flac
[2026-02-02 03:31:23] New device connected - USB drive
[2026-02-02 03:31:26] Backup restored - /remain/his/billion.xls
[2026-02-02 03:31:29] Database connection established - Aaron
[2026-02-02 03:31:34] User logged out - karina63
[2026-02-02 03:31:36] Admin privileges granted - N/A
[2026-02-02 03:31:37] File downloaded - bed.pptx
[2026-02-02 03:31:41] Email received - elizabethgomez@example.com
[2026-02-02 03:31:43] New device connected - External HDD
[2026-02-02 03:31:48] Email received - sara13@example.org
[2026-02-02 03:31:51] Admin privileges granted - N/A
[2026-02-02 03:31:54] User password changed - schultzann
[2026-02-02 03:31:56] Database connection lost - Joseph
[2026-02-02 03:31:57] User logged in - richardsonlaura
[2026-02-02 03:32:02] User profile updated - danielkane
[2026-02-02 03:32:04] Service stopped - nginx
[2026-02-02 03:32:08] Backup restored - /including/executive/side.webm
[2026-02-02 03:32:10] Notification received - Ready key check.
[2026-02-02 03:32:12] Database connection lost - David
[2026-02-02 03:32:14] User profile updated - anthony44
[2026-02-02 03:32:16] System rebooted - laptop-63.allen-johnson.com
[2026-02-02 03:32:17] File uploaded - when.pptx
[2026-02-02 03:32:22] Email received - ilopez@example.com
[2026-02-02 03:32:27] File downloaded - increase.csv
[2026-02-02 03:32:29] Backup created - /bag/also/outside.mp4
[2026-02-02 03:32:32] Notification sent - Amount station country computer.
[2026-02-02 03:32:36] File downloaded - ability.flac
[2026-02-02 03:32:41] New user registered - paulamanda
[2026-02-02 03:32:42] Error: File not found - impact.tiff
[2026-02-02 03:32:47] Error: Invalid password - N/A
[2026-02-02 03:32:49] User password changed - rojaseric
[2026-02-02 03:32:53] User logged out - walkerjoseph
[2026-02-02 03:32:58] Admin privileges granted - N/A
[2026-02-02 03:33:01] New user registered - lwilliams
[2026-02-02 03:33:04] User password changed - savannahcalderon
[2026-02-02 03:33:09] Error: Invalid password - N/A
[2026-02-02 03:33:14] System update initiated - web-36.burns.com
[2026-02-02 03:33:19] Service stopped - mariadb
[2026-02-02 03:33:20] User logged out - snyderbrenda
[2026-02-02 03:33:21] Login attempt failed - N/A
[2026-02-02 03:33:26] Backup created - /wide/east/everything.odt
[2026-02-02 03:33:29] Login attempt failed - N/A
[2026-02-02 03:33:31] Database connection lost - Alexander
[2026-02-02 03:33:34] Backup created - /yard/environment/food.txt
[2026-02-02 03:33:36] User logged out - brucewilson
[2026-02-02 03:33:39] Notification received - Cost of.
[2026-02-02 03:33:40] Service stopped - lighttpd
[2026-02-02 03:33:44] New user registered - tcook
[2026-02-02 03:33:47] Notification received - Player also.
[2026-02-02 03:33:49] Backup restored - /course/often/shoulder.js
[2026-02-02 03:33:52] Login attempt failed - N/A
[2026-02-02 03:33:54] Notification received - Someone else her.
[2026-02-02 03:33:59] Database connection established - Nicholas
[2026-02-02 03:34:00] User logged in - christian08
[2026-02-02 03:34:04] File uploaded - region.flac
[2026-02-02 03:34:05] File uploaded - factor.flac
[2026-02-02 03:34:09] File downloaded - beat.js
[2026-02-02 03:34:10] Session expired - N/A
[2026-02-02 03:34:14] Database connection lost - Erika
[2026-02-02 03:34:17] Notification received - Enjoy difficult.
[2026-02-02 03:34:21] Notification received - Near return evening stay.
[2026-02-02 03:34:23] Email sent - vmcdowell@example.net
[2026-02-02 03:34:26] User logged out - harrismelissa
[2026-02-02 03:34:29] System rebooted - email-55.day.com
[2026-02-02 03:34:33] Email sent - jacobwalton@example.net
[2026-02-02 03:34:36] New user registered - williamsjason
[2026-02-02 03:34:40] File downloaded - recently.gif
[2026-02-02 03:34:44] Error: Invalid password - N/A
[2026-02-02 03:34:49] Session expired - N/A
[2026-02-02 03:34:50] Email received - malonecatherine@example.com
[2026-02-02 03:34:51] Error: Invalid password - N/A
[2026-02-02 03:34:54] System update initiated - email-03.hicks-daniels.com
[2026-02-02 03:34:56] Service started - nginx
[2026-02-02 03:35:01] System update initiated - srv-88.fletcher-rivera.com
[2026-02-02 03:35:02] User logged in - timothy41
[2026-02-02 03:35:04] Service started - postgresql
[2026-02-02 03:35:07] User logged out - arichard
[2026-02-02 03:35:08] New device connected - SD card
[2026-02-02 03:35:13] Login attempt failed - N/A
[2026-02-02 03:35:15] User profile updated - qsanders
[2026-02-02 03:35:19] Database connection lost - James
[2026-02-02 03:35:20] File uploaded - raise.csv
[2026-02-02 03:35:22] Backup restored - /way/deal/fish.png
[2026-02-02 03:35:27] Configuration file updated - seven.tiff
[2026-02-02 03:35:31] User logged in - bnunez
[2026-02-02 03:35:32] User logged out - ariel00
[2026-02-02 03:35:35] New user registered - michele05
[2026-02-02 03:35:36] Database connection lost - Nicholas
[2026-02-02 03:35:37] System rebooted - laptop-46.fisher.com
[2026-02-02 03:35:39] Database connection established - Marcus
[2026-02-02 03:35:44] Notification received - Realize manage.
[2026-02-02 03:35:45] Configuration file updated - sister.avi
[2026-02-02 03:35:48] Backup created - /important/number/economic.flac
[2026-02-02 03:35:51] Email received - timothywilson@example.com
[2026-02-02 03:35:56] User logged out - fordpatricia
[2026-02-02 03:35:58] System rebooted - web-65.west-white.com
[2026-02-02 03:36:03] File uploaded - low.gif
[2026-02-02 03:36:04] Email sent - hooversamantha@example.com
[2026-02-02 03:36:08] Email received - lori92@example.org
[2026-02-02 03:36:11] User logged out - trujillonicholas
[2026-02-02 03:36:15] Service started - ssh
[2026-02-02 03:36:19] New device connected - Bluetooth device
[2026-02-02 03:36:23] New device connected - SSD drive
[2026-02-02 03:36:25] Admin privileges granted - N/A
[2026-02-02 03:36:29] User logged in - snowjohn
[2026-02-02 03:36:33] User logged out - cortezpamela
[2026-02-02 03:36:34] Database connection established - Christina
[2026-02-02 03:36:35] Session expired - N/A
[2026-02-02 03:36:37] System update initiated - desktop-40.ryan-allen.com
[2026-02-02 03:36:42] Service stopped - ftp
[2026-02-02 03:36:47] User password changed - xjones
[2026-02-02 03:36:50] Notification sent - Practice relationship style.[2026-02-02 03:36:51] Service stopped - mariadb
[2026-02-02 03:36:54] Email sent - seth40@example.net
[2026-02-02 03:36:56] File downloaded - plant.mp3
[2026-02-02 03:37:00] Backup created - /authority/suddenly/gas.gif
[2026-02-02 03:37:02] File uploaded - must.json
[2026-02-02 03:37:04] User logged out - meganjohnson
[2026-02-02 03:37:09] Notification sent - Study people.
[2026-02-02 03:22:19] Admin privileges granted - N/A
[2026-02-02 03:22:23] Email received - simonnicole@example.com
[2026-02-02 03:22:24] Session expired - N/A
[2026-02-02 03:22:27] File uploaded - tell.png
[2026-02-02 03:22:30] Session expired - N/A
[2026-02-02 03:22:31] System update initiated - email-55.lewis.biz
[2026-02-02 03:22:36] Service started - ftp
[2026-02-02 03:22:40] Error: Invalid password - N/A
[2026-02-02 03:22:44] User profile updated - scastaneda
[2026-02-02 03:22:46] Backup restored - /under/hope/politics.tiff
[2026-02-02 03:22:47] Session expired - N/A
[2026-02-02 03:22:48] User profile updated - donnastuart
[2026-02-02 03:22:50] File downloaded - expert.webm
[2026-02-02 03:22:53] Configuration file updated - painting.avi
[2026-02-02 03:22:56] Service stopped - tomcat
[2026-02-02 03:22:59] Error: Invalid password - N/A
[2026-02-02 03:23:03] New user registered - donna47
[2026-02-02 03:23:07] File downloaded - major.txt
[2026-02-02 03:23:10] Error: File not found - certainly.webm
[2026-02-02 03:23:11] Email sent - blankenshipjason@example.net
[2026-02-02 03:23:16] Database connection lost - Joseph
[2026-02-02 03:23:18] Session expired - N/A
[2026-02-02 03:23:22] New device connected - Bluetooth device
[2026-02-02 03:23:27] New user registered - johnjohnson
[2026-02-02 03:23:28] System update initiated - srv-25.olsen.com
[2026-02-02 03:23:32] User password changed - jessica83
[2026-02-02 03:23:36] New user registered - christinerogers
[2026-02-02 03:23:37] User logged in - hcarrillo
[2026-02-02 03:23:41] Service started - mariadb
[2026-02-02 03:23:42] User logged out - ocoffey
[2026-02-02 03:23:44] Session expired - N/A
[2026-02-02 03:23:48] Service stopped - mysql
[2026-02-02 03:23:50] Database connection lost - Michael
[2026-02-02 03:23:53] Configuration file updated - ball.flac
[2026-02-02 03:23:57] Backup created - /two/officer/film.wav
[2026-02-02 03:23:58] File downloaded - paper.json
[2026-02-02 03:24:01] Admin privileges granted - N/A
[2026-02-02 03:24:04] Database connection established - Kevin
[2026-02-02 03:24:09] Backup restored - /how/fast/fire.avi
[2026-02-02 03:24:13] Database connection lost - Patrick
[2026-02-02 03:24:16] File uploaded - edge.css
[2026-02-02 03:24:21] Session expired - N/A
[2026-02-02 03:24:22] Backup created - /visit/similar/arrive.odp
[2026-02-02 03:24:23] Admin privileges granted - N/A
[2026-02-02 03:24:27] System rebooted - laptop-77.tucker.com
[2026-02-02 03:24:31] Email received - xcook@example.com
[2026-02-02 03:24:32] Error: Invalid password - N/A
[2026-02-02 03:24:33] Notification sent - Central although.
[2026-02-02 03:24:37] Session expired - N/A
[2026-02-02 03:24:41] Service stopped - mongodb
[2026-02-02 03:24:45] Session expired - N/A
[2026-02-02 03:24:48] Email sent - williamsbrian@example.org
[2026-02-02 03:24:49] File uploaded - money.pptx
[2026-02-02 03:24:53] User logged in - angela71
[2026-02-02 03:24:54] Service started - apache
[2026-02-02 03:24:56] Notification received - Development information line.
[2026-02-02 03:24:58] Backup created - /high/data/carry.gif
[2026-02-02 03:25:00] New device connected - SD card
[2026-02-02 03:25:02] Session expired - N/A
[2026-02-02 03:25:03] System update initiated - desktop-32.mejia-thomas.com
[2026-02-02 03:25:05] System update initiated - email-06.williams.com
[2026-02-02 03:25:06] Notification received - Matter service four series.
[2026-02-02 03:25:09] Error: Invalid password - N/A
[2026-02-02 03:25:14] Email received - shodges@example.net
[2026-02-02 03:25:17] Backup created - /imagine/town/former.avi
[2026-02-02 03:25:22] Backup created - /including/mother/with.pages
[2026-02-02 03:25:26] Email received - brittanyarnold@example.com
[2026-02-02 03:25:31] New user registered - christopher92
[2026-02-02 03:25:34] Admin privileges granted - N/A
[2026-02-02 03:25:38] Email received - mccarthyangel@example.org
[2026-02-02 03:25:42] User logged out - johnnymarsh
[2026-02-02 03:25:46] New device connected - USB drive
[2026-02-02 03:25:50] Backup restored - /day/black/majority.numbers
[2026-02-02 03:25:54] Email received - rachel85@example.org
[2026-02-02 03:25:56] Email received - melissa22@example.com
[2026-02-02 03:26:01] Service started - ssh
[2026-02-02 03:26:05] New device connected - Bluetooth device
[2026-02-02 03:26:06] System update initiated - laptop-51.morgan.info
[2026-02-02 03:26:09] New device connected - USB drive
[2026-02-02 03:26:13] New user registered - brockjonathan
[2026-02-02 03:26:15] Error: Invalid password - N/A
[2026-02-02 03:26:17] Service stopped - ftp
[2026-02-02 03:26:20] User profile updated - julie91
[2026-02-02 03:26:21] Notification received - Reach term.
[2026-02-02 03:26:26] Admin privileges granted - N/A
[2026-02-02 03:26:29] Service started - ftp
[2026-02-02 03:26:33] Service stopped - web
[2026-02-02 03:26:34] System update initiated - web-18.herring.com
[2026-02-02 03:26:38] User password changed - krodriguez
[2026-02-02 03:26:40] Login attempt failed - N/A
[2026-02-02 03:26:44] User password changed - jsmith
[2026-02-02 03:26:49] Session expired - N/A
[2026-02-02 03:26:52] Session expired - N/A
[2026-02-02 03:26:56] Notification received - Line instead.
[2026-02-02 03:26:59] File uploaded - director.flac
[2026-02-02 03:27:01] New user registered - robert04
[2026-02-02 03:27:05] Email received - david72@example.org
[2026-02-02 03:27:07] System rebooted - lt-98.cooper.com
[2026-02-02 03:27:10] Service started - ssh
[2026-02-02 03:27:14] Database connection lost - Ashley
[2026-02-02 03:27:17] User profile updated - markwoods
[2026-02-02 03:27:22] Backup restored - /six/daughter/dog.avi
[2026-02-02 03:27:24] User profile updated - andrewbrady
[2026-02-02 03:27:27] Admin privileges granted - N/A
[2026-02-02 03:27:28] Configuration file updated - hour.wav
[2026-02-02 03:27:32] User password changed - ryanramirez
[2026-02-02 03:27:34] Email received - robertmiller@example.net
[2026-02-02 03:27:35] Service started - ssh
[2026-02-02 03:27:38] New user registered - medinabrenda
[2026-02-02 03:27:42] Configuration file updated - soldier.wav
[2026-02-02 03:27:45] System update initiated - web-33.knight.com
[2026-02-02 03:27:47] Backup restored - /positive/manage/crime.css
[2026-02-02 03:27:52] Notification received - Wonder rate.
[2026-02-02 03:27:55] Session expired - N/A
[2026-02-02 03:27:59] Database connection lost - Elizabeth
[2026-02-02 03:28:00] User logged in - susan59
[2026-02-02 03:28:03] Database connection lost - Jonathan
[2026-02-02 03:28:06] File uploaded - institution.mov
[2026-02-02 03:28:11] Database connection established - Joseph
[2026-02-02 03:28:12] System rebooted - srv-78.luna.com
[2026-02-02 03:28:16] Database connection established - Dominique
[2026-02-02 03:28:20] Error: File not found - plan.docx
[2026-02-02 03:28:25] Backup restored - /campaign/cover/too.png
[2026-02-02 03:28:28] System update initiated - lt-52.murphy-levine.info
[2026-02-02 03:28:33] Email received - joeyang@example.com
[2026-02-02 03:28:38] Email received - anna79@example.net
[2026-02-02 03:28:42] User profile updated - kylewilcox
[2026-02-02 03:28:43] User logged out - kdalton
[2026-02-02 03:28:45] User profile updated - gomezdevon
[2026-02-02 03:28:48] Notification sent - Relate either feeling.
[2026-02-02 03:28:49] Email received - denisewright@example.org
[2026-02-02 03:28:53] Backup restored - /list/might/them.mov
[2026-02-02 03:28:57] Email sent - owenssamuel@example.com
[2026-02-02 03:29:02] Error: File not found - very.gif
[2026-02-02 03:29:05] New user registered - rsandoval
[2026-02-02 03:29:07] Notification sent - Discuss.
[2026-02-02 03:29:09] Notification sent - Dog large.
[2026-02-02 03:29:12] Backup restored - /staff/wife/magazine.csv
[2026-02-02 03:29:17] New user registered - jamesbennett
[2026-02-02 03:29:18] Login attempt failed - N/A
[2026-02-02 03:29:22] File downloaded - discover.flac
[2026-02-02 03:29:26] Configuration file updated - forget.css
[2026-02-02 03:29:31] Configuration file updated - forward.flac
[2026-02-02 03:29:32] Database connection established - Judy
[2026-02-02 03:29:35] Error: Invalid password - N/A
[2026-02-02 03:29:37] Database connection established - Christine
[2026-02-02 03:29:38] File downloaded - key.mov
[2026-02-02 03:29:39] User logged in - xgarcia
[2026-02-02 03:29:42] Login attempt failed - N/A
[2026-02-02 03:29:46] Email sent - alexanderhernandez@example.com
[2026-02-02 03:29:47] Backup restored - /popular/in/town.mp4
[2026-02-02 03:29:48] New device connected - WiFi adapter
[2026-02-02 03:29:52] Email sent - ibrooks@example.net
[2026-02-02 03:29:54] Admin privileges granted - N/A
[2026-02-02 03:29:58] Error: File not found - suffer.avi
[2026-02-02 03:30:02] Admin privileges granted - N/A
[2026-02-02 03:30:07] Backup created - /something/few/low.flac
[2026-02-02 03:30:08] Notification sent - Alone sister weight.
[2026-02-02 03:30:09] File downloaded - hair.css
[2026-02-02 03:30:13] Backup restored - /believe/community/turn.wav
[2026-02-02 03:30:14] Backup restored - /nature/present/Republican.mp3
[2026-02-02 03:30:15] Database connection lost - John
[2026-02-02 03:30:20] Database connection established - Randy
[2026-02-02 03:30:21] Admin privileges granted - N/A
[2026-02-02 03:30:25] Admin privileges granted - N/A
[2026-02-02 03:30:30] Database connection lost - Donald
[2026-02-02 03:30:35] System update initiated - desktop-88.morris.com
[2026-02-02 03:30:39] Database connection lost - Chloe
[2026-02-02 03:30:43] User logged out - lisa99
[2026-02-02 03:30:46] New device connected - External HDD
[2026-02-02 03:30:50] Email sent - daryl11@example.com
[2026-02-02 03:30:51] User profile updated - smiller
[2026-02-02 03:30:54] User logged out - coloncharles
[2026-02-02 03:30:57] System update initiated - desktop-37.thomas.info
[2026-02-02 03:30:58] User password changed - richardlin
[2026-02-02 03:31:01] Service started - tomcat
[2026-02-02 03:31:04] User logged in - masonjohn
[2026-02-02 03:31:08] Configuration file updated - good.avi
[2026-02-02 03:31:10] Admin privileges granted - N/A
[2026-02-02 03:31:13] New device connected - SSD drive
